2022-01-05 13:54:20 CarinaListener [INFO] 
============= Test configuration =============
url=https://www.gsmarena.com
env=DEMO
selenium_url=http://localhost:9515
max_driver_count=3
proxy_protocols=http,https,ftp
browsermob_port=0
auto_screenshot=true
explicit_timeout=20
retry_interval=5
project_report_directory=./reports
max_screen_history=10
big_screen_width=-1
big_screen_height=-1
init_retry_count=0
init_retry_interval=1
retry_count=0
locale=en_US
thread_count=-1
data_provider_thread_count=-1
core_log_level=INFO
core_log_packages=com.qaprosoft.carina.core
log_all_json=true
date_format=HH:mm:ss yyyy-MM-dd
time_format=HH:mm:ss
test_naming_pattern={method_name}
element_loading_strategy=BY_PRESENCE_OR_VISIBILITY
page_opening_strategy=BY_URL_AND_ELEMENT
localization_encoding=UTF-8
localization_testing=false
default_device_timezone=GMT
default_device_time_format=24
default_device_language=en_US
selenium_url=http://localhost:9515

------------- Driver capabilities -----------
capabilities.browserName=CHROME
================================================

2022-01-05 13:54:20 TestRunRegistrar [WARN] Reporting disabled: using no op test run registrar
2022-01-05 13:54:21 Reflections [INFO] Reflections took 801 ms to scan 8 urls, producing 2331 keys and 11335 values 
2022-01-05 13:54:21 FilterTestsListener [INFO] There are no any rules and limitations
2022-01-05 13:54:21 CarinaListener [INFO] Set thread-count=1
2022-01-05 13:54:21 CarinaListener [INFO] Set data-provider-thread-count=1
2022-01-05 13:54:21 CarinaListener [INFO] CARINA_CORE_VERSION: 7.2.13
2022-01-05 13:54:21 TestRunRegistrar [WARN] Reporting disabled: using no op test run registrar
2022-01-05 13:54:22 TestRunRegistrar [WARN] Reporting disabled: using no op test run registrar
2022-01-05 13:54:22 TestRunRegistrar [WARN] Reporting disabled: using no op test run registrar
2022-01-05 13:54:22 Messager [INFO] TEST [gsm [row=1] - verifyWelcomeMessageSignUp [L0001]] STARTED at [13:54:22 2022-01-05]
2022-01-05 13:54:25 Messager [INFO] INFO: opening url 'https://www.gsmarena.com'
2022-01-05 13:54:45 DriverHelper [ERROR] Unable to open url during 20sec!
2022-01-05 13:54:48 DriverListener [INFO] URL 'https://www.gsmarena.com' opened
2022-01-05 13:54:48 Messager [ERROR] TEST [gsm [row=1] - verifyWelcomeMessageSignUp [L0001]] FAILED at [13:54:48 2022-01-05] - Unable to open url during 20sec!

org.testng.Assert.fail(Assert.java:87)
com.qaprosoft.carina.core.foundation.webdriver.DriverHelper.openURL(DriverHelper.java:167)
com.qaprosoft.carina.core.foundation.webdriver.DriverHelper.openURL(DriverHelper.java:130)
com.qaprosoft.carina.core.foundation.webdriver.DriverHelper.open(DriverHelper.java:120)
com.solvd.gsm.HomePage.<init>(HomePage.java:49)
com.solvd.gsm.services.ISignUpServices.goToSignUpPageSuccessfully(ISignUpServices.java:14)
com.solvd.gsm.tests.GsmTests.verifyWelcomeMessageSignUp(GsmTests.java:27)
java.base/jdk.internal.reflect.NativeMethodAccessorImpl.invoke0(Native Method)
java.base/jdk.internal.reflect.NativeMethodAccessorImpl.invoke(NativeMethodAccessorImpl.java:62)
java.base/jdk.internal.reflect.DelegatingMethodAccessorImpl.invoke(DelegatingMethodAccessorImpl.java:43)
java.base/java.lang.reflect.Method.invoke(Method.java:566)
org.testng.internal.MethodInvocationHelper.invokeMethod(MethodInvocationHelper.java:133)
org.testng.internal.TestInvoker.invokeMethod(TestInvoker.java:598)
org.testng.internal.TestInvoker.invokeTestMethod(TestInvoker.java:173)
org.testng.internal.TestMethodWithDataProviderMethodWorker.call(TestMethodWithDataProviderMethodWorker.java:77)
org.testng.internal.TestMethodWithDataProviderMethodWorker.call(TestMethodWithDataProviderMethodWorker.java:15)
java.base/java.util.concurrent.FutureTask.run(FutureTask.java:264)
java.base/java.util.concurrent.Executors$RunnableAdapter.call(Executors.java:515)
java.base/java.util.concurrent.FutureTask.run(FutureTask.java:264)
java.base/java.util.concurrent.ThreadPoolExecutor.runWorker(ThreadPoolExecutor.java:1128)
java.base/java.util.concurrent.ThreadPoolExecutor$Worker.run(ThreadPoolExecutor.java:628)
java.base/java.lang.Thread.run(Thread.java:834)
2022-01-05 13:54:48 TestRunRegistrar [WARN] Reporting disabled: using no op test run registrar
2022-01-05 13:54:48 Messager [INFO] TEST [gsm [row=2] - verifyWelcomeMessageSignUp [L0002]] STARTED at [13:54:48 2022-01-05]
2022-01-05 13:54:48 Screenshot [ERROR] ExecutionException error on capture screenshot: org.openqa.selenium.NoSuchSessionException: Session ID is null. Using WebDriver after calling quit()?
Build info: version: '3.141.59', revision: 'e82be7d358', time: '2018-11-14T08:17:03'
System info: host: 'solvds-MacBook-Pro.local', ip: 'fe80:0:0:0:c4e:6ec0:76be:bc70%en0', os.name: 'Mac OS X', os.arch: 'x86_64', os.version: '11.1', java.version: '11.0.13'
Driver info: driver.version: RemoteWebDriver
2022-01-05 13:54:49 Messager [INFO] INFO: opening url 'https://www.gsmarena.com'
2022-01-05 13:54:58 DriverListener [INFO] URL 'https://www.gsmarena.com' opened
2022-01-05 13:54:59 DriverListener [INFO] PASS: element 'signUpButton' is clicked.
2022-01-05 13:55:01 DriverListener [INFO] PASS: keys cleared in element 'inputNickName'.
2022-01-05 13:55:02 DriverListener [INFO] PASS: keys 'carlos19298370102' are sent to element 'inputNickName'.
2022-01-05 13:55:02 DriverListener [INFO] PASS: keys cleared in element 'inputEmail'.
2022-01-05 13:55:02 DriverListener [INFO] PASS: keys 'carlos019938187720@gmail.com' are sent to element 'inputEmail'.
2022-01-05 13:55:03 DriverListener [INFO] PASS: keys cleared in element 'inputPassword'.
2022-01-05 13:55:04 DriverListener [INFO] PASS: keys '8964763241' are sent to element 'inputPassword'.
2022-01-05 13:55:04 DriverListener [INFO] PASS: element 'iAgreeButton1' is clicked.
2022-01-05 13:55:05 DriverListener [INFO] PASS: element 'iAgreeButton2' is clicked.
2022-01-05 13:55:08 DriverListener [INFO] PASS: element 'submitButton' is clicked.
2022-01-05 13:55:09 Messager [INFO] TEST [gsm [row=2] - verifyWelcomeMessageSignUp [L0002]] PASSED at [13:55:09 2022-01-05]
2022-01-05 13:55:09 TestRunRegistrar [WARN] Reporting disabled: using no op test run registrar
2022-01-05 13:55:09 Messager [INFO] TEST [gsm [row=] - verifyWelcomeMessageSignUp [L0003]] STARTED at [13:55:09 2022-01-05]
2022-01-05 13:55:10 Messager [INFO] INFO: opening url 'https://www.gsmarena.com'
2022-01-05 13:55:22 DriverListener [INFO] URL 'https://www.gsmarena.com' opened
2022-01-05 13:55:24 DriverListener [INFO] PASS: element 'signUpButton' is clicked.
2022-01-05 13:55:25 DriverListener [INFO] PASS: keys cleared in element 'inputNickName'.
2022-01-05 13:55:25 DriverListener [INFO] PASS: keys '' are sent to element 'inputNickName'.
2022-01-05 13:55:26 DriverListener [INFO] PASS: keys cleared in element 'inputEmail'.
2022-01-05 13:55:26 DriverListener [INFO] PASS: keys '' are sent to element 'inputEmail'.
2022-01-05 13:55:27 DriverListener [INFO] PASS: keys cleared in element 'inputPassword'.
2022-01-05 13:55:27 DriverListener [INFO] PASS: keys '' are sent to element 'inputPassword'.
2022-01-05 13:55:28 DriverListener [INFO] PASS: element 'iAgreeButton1' is clicked.
2022-01-05 13:55:28 DriverListener [INFO] PASS: element 'iAgreeButton2' is clicked.
2022-01-05 13:55:29 DriverListener [INFO] PASS: element 'submitButton' is clicked.
2022-01-05 13:55:49 ExtendedWebElement [ERROR] FAIL: get_text - waitCondition for element 'accountCreatedMessage (By.xpath: //h3[text()='Your account was created. '])' not satisfied!
2022-01-05 13:55:51 Messager [ERROR] TEST [gsm [row=] - verifyWelcomeMessageSignUp [L0003]] FAILED at [13:55:51 2022-01-05] - Unable to detect element: accountCreatedMessage (By.xpath: //h3[text()='Your account was created. '])

com.qaprosoft.carina.core.foundation.webdriver.decorator.ExtendedWebElement.doAction(ExtendedWebElement.java:1416)
com.qaprosoft.carina.core.foundation.webdriver.decorator.ExtendedWebElement.doAction(ExtendedWebElement.java:1363)
com.qaprosoft.carina.core.foundation.webdriver.decorator.ExtendedWebElement.getText(ExtendedWebElement.java:462)
com.solvd.gsm.SignUpPage.getAccountCreatedMessage(SignUpPage.java:70)
com.solvd.gsm.tests.GsmTests.verifyWelcomeMessageSignUp(GsmTests.java:28)
java.base/jdk.internal.reflect.NativeMethodAccessorImpl.invoke0(Native Method)
java.base/jdk.internal.reflect.NativeMethodAccessorImpl.invoke(NativeMethodAccessorImpl.java:62)
java.base/jdk.internal.reflect.DelegatingMethodAccessorImpl.invoke(DelegatingMethodAccessorImpl.java:43)
java.base/java.lang.reflect.Method.invoke(Method.java:566)
org.testng.internal.MethodInvocationHelper.invokeMethod(MethodInvocationHelper.java:133)
org.testng.internal.TestInvoker.invokeMethod(TestInvoker.java:598)
org.testng.internal.TestInvoker.invokeTestMethod(TestInvoker.java:173)
org.testng.internal.TestMethodWithDataProviderMethodWorker.call(TestMethodWithDataProviderMethodWorker.java:77)
org.testng.internal.TestMethodWithDataProviderMethodWorker.call(TestMethodWithDataProviderMethodWorker.java:15)
java.base/java.util.concurrent.FutureTask.run(FutureTask.java:264)
java.base/java.util.concurrent.Executors$RunnableAdapter.call(Executors.java:515)
java.base/java.util.concurrent.FutureTask.run(FutureTask.java:264)
java.base/java.util.concurrent.ThreadPoolExecutor.runWorker(ThreadPoolExecutor.java:1128)
java.base/java.util.concurrent.ThreadPoolExecutor$Worker.run(ThreadPoolExecutor.java:628)
java.base/java.lang.Thread.run(Thread.java:834)
2022-01-05 13:55:51 TestRunRegistrar [WARN] Reporting disabled: using no op test run registrar
2022-01-05 13:55:51 Messager [INFO] TEST [gsm [row=] - verifyWelcomeMessageSignUp [L0003]] STARTED at [13:55:51 2022-01-05]
2022-01-05 13:55:52 Messager [INFO] INFO: opening url 'https://www.gsmarena.com'
2022-01-05 13:55:56 DriverListener [INFO] URL 'https://www.gsmarena.com' opened
2022-01-05 13:55:56 Screenshot [ERROR] ExecutionException error on capture screenshot: org.openqa.selenium.NoSuchWindowException: no such window: window was already closed
  (Session info: chrome=96.0.4664.110)
Build info: version: '3.141.59', revision: 'e82be7d358', time: '2018-11-14T08:17:03'
System info: host: 'solvds-MacBook-Pro.local', ip: 'fe80:0:0:0:c4e:6ec0:76be:bc70%en0', os.name: 'Mac OS X', os.arch: 'x86_64', os.version: '11.1', java.version: '11.0.13'
Driver info: org.openqa.selenium.remote.RemoteWebDriver
Capabilities {acceptInsecureCerts: true, browserName: chrome, browserVersion: 96.0.4664.110, chrome: {chromedriverVersion: 96.0.4664.45 (76e4c1bb2ab46..., userDataDir: /var/folders/cb/_cgn98l156b...}, goog:chromeOptions: {debuggerAddress: localhost:54189}, javascriptEnabled: true, networkConnectionEnabled: false, pageLoadStrategy: normal, platform: MAC, platformName: MAC, proxy: Proxy(), setWindowRect: true, strictFileInteractability: false, timeouts: {implicit: 0, pageLoad: 300000, script: 30000}, unhandledPromptBehavior: dismiss and notify, webauthn:extension:credBlob: true, webauthn:extension:largeBlob: true, webauthn:virtualAuthenticators: true}
Session ID: ea0733a32d7cec236cf64699962d3a09
2022-01-05 13:55:56 Messager [ERROR] TEST [gsm [row=] - verifyWelcomeMessageSignUp [L0003]] FAILED at [13:55:56 2022-01-05] - no such window: window was already closed
  (Session info: chrome=96.0.4664.110)
Build info: version: '3.141.59', revision: 'e82be7d358', time: '2018-11-14T08:17:03'
System info: host: 'solvds-MacBook-Pro.local', ip: 'fe80:0:0:0:c4e:6ec0:76be:bc70%en0', os.name: 'Mac OS X', os.arch: 'x86_64', os.version: '11.1', java.version: '11.0.13'
Driver info: org.openqa.selenium.remote.RemoteWebDriver
Capabilities {acceptInsecureCerts: true, browserName: chrome, browserVersion: 96.0.4664.110, chrome: {chromedriverVersion: 96.0.4664.45 (76e4c1bb2ab46..., userDataDir: /var/folders/cb/_cgn98l156b...}, goog:chromeOptions: {debuggerAddress: localhost:54189}, javascriptEnabled: true, networkConnectionEnabled: false, pageLoadStrategy: normal, platform: MAC, platformName: MAC, proxy: Proxy(), setWindowRect: true, strictFileInteractability: false, timeouts: {implicit: 0, pageLoad: 300000, script: 30000}, unhandledPromptBehavior: dismiss and notify, webauthn:extension:credBlob: true, webauthn:extension:largeBlob: true, webauthn:virtualAuthenticators: true}
Session ID: ea0733a32d7cec236cf64699962d3a09
*** Element info: {Using=xpath, value=//i[@class='head-icon icon-user-plus']}

java.base/jdk.internal.reflect.NativeConstructorAccessorImpl.newInstance0(Native Method)
java.base/jdk.internal.reflect.NativeConstructorAccessorImpl.newInstance(NativeConstructorAccessorImpl.java:62)
java.base/jdk.internal.reflect.DelegatingConstructorAccessorImpl.newInstance(DelegatingConstructorAccessorImpl.java:45)
java.base/java.lang.reflect.Constructor.newInstance(Constructor.java:490)
org.openqa.selenium.remote.http.W3CHttpResponseCodec.createException(W3CHttpResponseCodec.java:187)
org.openqa.selenium.remote.http.W3CHttpResponseCodec.decode(W3CHttpResponseCodec.java:122)
org.openqa.selenium.remote.http.W3CHttpResponseCodec.decode(W3CHttpResponseCodec.java:49)
org.openqa.selenium.remote.HttpCommandExecutor.execute(HttpCommandExecutor.java:158)
org.openqa.selenium.remote.RemoteWebDriver.execute(RemoteWebDriver.java:552)
org.openqa.selenium.remote.RemoteWebDriver.findElement(RemoteWebDriver.java:323)
org.openqa.selenium.remote.RemoteWebDriver.findElementByXPath$original$iVAMf66E(RemoteWebDriver.java:428)
org.openqa.selenium.remote.RemoteWebDriver.findElementByXPath$original$iVAMf66E$accessor$O96VsBo9(RemoteWebDriver.java)
org.openqa.selenium.remote.RemoteWebDriver$auxiliary$ckWQEpzj.call(Unknown Source)
com.zebrunner.agent.core.webdriver.PublicMethodInvocationInterceptor.onPublicMethodInvocation(PublicMethodInvocationInterceptor.java:18)
org.openqa.selenium.remote.RemoteWebDriver.findElementByXPath(RemoteWebDriver.java)
org.openqa.selenium.By$ByXPath.findElement(By.java:353)
org.openqa.selenium.remote.RemoteWebDriver.findElement$original$iVAMf66E(RemoteWebDriver.java:315)
org.openqa.selenium.remote.RemoteWebDriver.findElement$original$iVAMf66E$accessor$O96VsBo9(RemoteWebDriver.java)
org.openqa.selenium.remote.RemoteWebDriver$auxiliary$pSgIgxLc.call(Unknown Source)
com.zebrunner.agent.core.webdriver.PublicMethodInvocationInterceptor.onPublicMethodInvocation(PublicMethodInvocationInterceptor.java:18)
org.openqa.selenium.remote.RemoteWebDriver.findElement(RemoteWebDriver.java)
com.qaprosoft.carina.core.foundation.webdriver.decorator.ExtendedWebElement.refindElement(ExtendedWebElement.java:408)
com.qaprosoft.carina.core.foundation.webdriver.decorator.ExtendedWebElement.getElement(ExtendedWebElement.java:265)
com.solvd.gsm.HomePage.clickSignUpButton(HomePage.java:53)
com.solvd.gsm.services.ISignUpServices.goToSignUpPageSuccessfully(ISignUpServices.java:15)
com.solvd.gsm.tests.GsmTests.verifyWelcomeMessageSignUp(GsmTests.java:27)
java.base/jdk.internal.reflect.NativeMethodAccessorImpl.invoke0(Native Method)
java.base/jdk.internal.reflect.NativeMethodAccessorImpl.invoke(NativeMethodAccessorImpl.java:62)
java.base/jdk.internal.reflect.DelegatingMethodAccessorImpl.invoke(DelegatingMethodAccessorImpl.java:43)
java.base/java.lang.reflect.Method.invoke(Method.java:566)
org.testng.internal.MethodInvocationHelper.invokeMethod(MethodInvocationHelper.java:133)
org.testng.internal.TestInvoker.invokeMethod(TestInvoker.java:598)
org.testng.internal.TestInvoker.invokeTestMethod(TestInvoker.java:173)
org.testng.internal.TestMethodWithDataProviderMethodWorker.call(TestMethodWithDataProviderMethodWorker.java:77)
org.testng.internal.TestMethodWithDataProviderMethodWorker.call(TestMethodWithDataProviderMethodWorker.java:15)
java.base/java.util.concurrent.FutureTask.run(FutureTask.java:264)
java.base/java.util.concurrent.Executors$RunnableAdapter.call(Executors.java:515)
java.base/java.util.concurrent.FutureTask.run(FutureTask.java:264)
java.base/java.util.concurrent.ThreadPoolExecutor.runWorker(ThreadPoolExecutor.java:1128)
java.base/java.util.concurrent.ThreadPoolExecutor$Worker.run(ThreadPoolExecutor.java:628)
java.base/java.lang.Thread.run(Thread.java:834)
2022-01-05 13:55:56 TestRunRegistrar [WARN] Reporting disabled: using no op test run registrar
2022-01-05 13:55:56 Messager [INFO] TEST [gsm [row=] - verifyWelcomeMessageSignUp [L0003]] STARTED at [13:55:56 2022-01-05]
2022-01-05 13:55:57 Messager [INFO] INFO: opening url 'https://www.gsmarena.com'
2022-01-05 13:56:02 CarinaListener$ShutdownHook [WARN] Trying to quit driver 'default' on shutdown hook action!
2022-01-05 14:56:08 CarinaListener [INFO] 
============= Test configuration =============
url=https://www.gsmarena.com
env=DEMO
selenium_url=http://localhost:9515
max_driver_count=3
proxy_protocols=http,https,ftp
browsermob_port=0
auto_screenshot=true
explicit_timeout=20
retry_interval=5
project_report_directory=./reports
max_screen_history=10
big_screen_width=-1
big_screen_height=-1
init_retry_count=0
init_retry_interval=1
retry_count=0
locale=en_US
thread_count=-1
data_provider_thread_count=-1
core_log_level=INFO
core_log_packages=com.qaprosoft.carina.core
log_all_json=true
date_format=HH:mm:ss yyyy-MM-dd
time_format=HH:mm:ss
test_naming_pattern={method_name}
element_loading_strategy=BY_PRESENCE_OR_VISIBILITY
page_opening_strategy=BY_URL_AND_ELEMENT
localization_encoding=UTF-8
localization_testing=false
default_device_timezone=GMT
default_device_time_format=24
default_device_language=en_US
selenium_url=http://localhost:9515

------------- Driver capabilities -----------
capabilities.browserName=CHROME
================================================

2022-01-05 14:56:09 TestRunRegistrar [WARN] Reporting disabled: using no op test run registrar
2022-01-05 14:56:10 Reflections [INFO] Reflections took 790 ms to scan 8 urls, producing 2331 keys and 11335 values 
2022-01-05 14:56:10 FilterTestsListener [INFO] There are no any rules and limitations
2022-01-05 14:56:10 CarinaListener [INFO] Set thread-count=1
2022-01-05 14:56:10 CarinaListener [INFO] Set data-provider-thread-count=1
2022-01-05 14:56:10 CarinaListener [INFO] CARINA_CORE_VERSION: 7.2.13
2022-01-05 14:56:10 TestRunRegistrar [WARN] Reporting disabled: using no op test run registrar
2022-01-05 14:56:10 TestRunRegistrar [WARN] Reporting disabled: using no op test run registrar
2022-01-05 14:56:10 TestRunRegistrar [WARN] Reporting disabled: using no op test run registrar
2022-01-05 14:56:10 Messager [INFO] TEST [gsm [row=1] - verifyWelcomeMessageSignUp [L01]] STARTED at [14:56:10 2022-01-05]
2022-01-05 14:56:13 Messager [INFO] INFO: opening url 'https://www.gsmarena.com'
2022-01-05 14:56:25 DriverListener [INFO] URL 'https://www.gsmarena.com' opened
2022-01-05 14:56:27 DriverListener [INFO] PASS: element 'signUpButton' is clicked.
2022-01-05 14:56:28 DriverListener [INFO] PASS: keys cleared in element 'inputNickName'.
2022-01-05 14:56:29 DriverListener [INFO] PASS: keys 'anote2881683001' are sent to element 'inputNickName'.
2022-01-05 14:56:30 DriverListener [INFO] PASS: keys cleared in element 'inputEmail'.
2022-01-05 14:56:30 DriverListener [INFO] PASS: keys 'anote9129391203@gmail.com' are sent to element 'inputEmail'.
2022-01-05 14:56:31 DriverListener [INFO] PASS: keys cleared in element 'inputPassword'.
2022-01-05 14:56:31 DriverListener [INFO] PASS: keys 'password1234' are sent to element 'inputPassword'.
2022-01-05 14:56:32 DriverListener [INFO] PASS: element 'iAgreeButton1' is clicked.
2022-01-05 14:56:32 DriverListener [INFO] PASS: element 'iAgreeButton2' is clicked.
2022-01-05 14:56:35 DriverListener [INFO] PASS: element 'submitButton' is clicked.
2022-01-05 14:56:36 Messager [INFO] TEST [gsm [row=1] - verifyWelcomeMessageSignUp [L01]] PASSED at [14:56:36 2022-01-05]
2022-01-05 14:56:36 TestRunRegistrar [WARN] Reporting disabled: using no op test run registrar
2022-01-05 14:56:36 Messager [INFO] TEST [gsm [row=2] - verifyWelcomeMessageSignUp [L02]] STARTED at [14:56:36 2022-01-05]
2022-01-05 14:56:37 Messager [INFO] INFO: opening url 'https://www.gsmarena.com'
2022-01-05 14:56:45 DriverListener [INFO] URL 'https://www.gsmarena.com' opened
2022-01-05 14:56:47 DriverListener [INFO] PASS: element 'signUpButton' is clicked.
2022-01-05 14:56:47 DriverListener [INFO] PASS: keys cleared in element 'inputNickName'.
2022-01-05 14:56:48 DriverListener [INFO] PASS: keys 'carlos19298370102' are sent to element 'inputNickName'.
2022-01-05 14:56:48 DriverListener [INFO] PASS: keys cleared in element 'inputEmail'.
2022-01-05 14:56:49 DriverListener [INFO] PASS: keys 'carlos019938187720@gmail.com' are sent to element 'inputEmail'.
2022-01-05 14:56:49 DriverListener [INFO] PASS: keys cleared in element 'inputPassword'.
2022-01-05 14:56:50 DriverListener [INFO] PASS: keys '8964763241' are sent to element 'inputPassword'.
2022-01-05 14:56:50 DriverListener [INFO] PASS: element 'iAgreeButton1' is clicked.
2022-01-05 14:56:51 DriverListener [INFO] PASS: element 'iAgreeButton2' is clicked.
2022-01-05 14:56:51 DriverListener [INFO] PASS: element 'submitButton' is clicked.
2022-01-05 14:57:12 ExtendedWebElement [ERROR] FAIL: get_text - waitCondition for element 'accountCreatedMessage (By.xpath: //h3[text()='Your account was created. '])' not satisfied!
2022-01-05 14:57:14 Messager [ERROR] TEST [gsm [row=2] - verifyWelcomeMessageSignUp [L02]] FAILED at [14:57:14 2022-01-05] - Unable to detect element: accountCreatedMessage (By.xpath: //h3[text()='Your account was created. '])

com.qaprosoft.carina.core.foundation.webdriver.decorator.ExtendedWebElement.doAction(ExtendedWebElement.java:1416)
com.qaprosoft.carina.core.foundation.webdriver.decorator.ExtendedWebElement.doAction(ExtendedWebElement.java:1363)
com.qaprosoft.carina.core.foundation.webdriver.decorator.ExtendedWebElement.getText(ExtendedWebElement.java:462)
com.solvd.gsm.SignUpPage.getAccountCreatedMessage(SignUpPage.java:70)
com.solvd.gsm.tests.GsmTests.verifyWelcomeMessageSignUp(GsmTests.java:28)
java.base/jdk.internal.reflect.NativeMethodAccessorImpl.invoke0(Native Method)
java.base/jdk.internal.reflect.NativeMethodAccessorImpl.invoke(NativeMethodAccessorImpl.java:62)
java.base/jdk.internal.reflect.DelegatingMethodAccessorImpl.invoke(DelegatingMethodAccessorImpl.java:43)
java.base/java.lang.reflect.Method.invoke(Method.java:566)
org.testng.internal.MethodInvocationHelper.invokeMethod(MethodInvocationHelper.java:133)
org.testng.internal.TestInvoker.invokeMethod(TestInvoker.java:598)
org.testng.internal.TestInvoker.invokeTestMethod(TestInvoker.java:173)
org.testng.internal.TestMethodWithDataProviderMethodWorker.call(TestMethodWithDataProviderMethodWorker.java:77)
org.testng.internal.TestMethodWithDataProviderMethodWorker.call(TestMethodWithDataProviderMethodWorker.java:15)
java.base/java.util.concurrent.FutureTask.run(FutureTask.java:264)
java.base/java.util.concurrent.Executors$RunnableAdapter.call(Executors.java:515)
java.base/java.util.concurrent.FutureTask.run(FutureTask.java:264)
java.base/java.util.concurrent.ThreadPoolExecutor.runWorker(ThreadPoolExecutor.java:1128)
java.base/java.util.concurrent.ThreadPoolExecutor$Worker.run(ThreadPoolExecutor.java:628)
java.base/java.lang.Thread.run(Thread.java:834)
2022-01-05 14:57:14 Messager [INFO] INFO: '**************** Test execution summary ****************'.
2022-01-05 14:57:14 Messager [INFO] RESULT #1: TEST [gsm [row=1] - verifyWelcomeMessageSignUp [L01]] PASS [screenshots=file:///Users/solvd/gsm/./reports/1641405368938/14258e5c-2e90-498b-a271-9f66a57fd82b/report.html | log=file:///Users/solvd/gsm/./reports/1641405368938/14258e5c-2e90-498b-a271-9f66a57fd82b/test.log]
2022-01-05 14:57:14 Messager [INFO] RESULT #2: TEST [gsm [row=2] - verifyWelcomeMessageSignUp [L02]] FAIL [screenshots=file:///Users/solvd/gsm/./reports/1641405368938/f8a91904-b83e-4ce5-8c22-af5fbfce6138/report.html | log=file:///Users/solvd/gsm/./reports/1641405368938/f8a91904-b83e-4ce5-8c22-af5fbfce6138/test.log]
