[2022-01-03 07:20:28] [CarinaListener.java] [1] [INFO] 
============= Test configuration =============
url=https://www.gsmarena.com
env=DEMO
selenium_url=http://localhost:9515
max_driver_count=3
proxy_protocols=http,https,ftp
browsermob_port=0
auto_screenshot=true
explicit_timeout=20
retry_interval=5
project_report_directory=./reports
max_screen_history=10
big_screen_width=-1
big_screen_height=-1
init_retry_count=0
init_retry_interval=1
retry_count=0
locale=en_US
thread_count=-1
data_provider_thread_count=-1
core_log_level=INFO
core_log_packages=com.qaprosoft.carina.core
log_all_json=true
date_format=HH:mm:ss yyyy-MM-dd
time_format=HH:mm:ss
test_naming_pattern={method_name}
element_loading_strategy=BY_PRESENCE_OR_VISIBILITY
page_opening_strategy=BY_URL_AND_ELEMENT
localization_encoding=UTF-8
localization_testing=false
default_device_timezone=GMT
default_device_time_format=24
default_device_language=en_US
selenium_url=http://localhost:9515

------------- Driver capabilities -----------
capabilities.browserName=CHROME
================================================

[2022-01-03 07:20:28] [TestRunRegistrar.java] [1] [WARN] Reporting disabled: using no op test run registrar
[2022-01-03 07:20:29] [Reflections.java] [1] [INFO] Reflections took 693 ms to scan 8 urls, producing 2332 keys and 11337 values 
[2022-01-03 07:20:29] [FilterTestsListener.java] [1] [INFO] There are no any rules and limitations
[2022-01-03 07:20:29] [CarinaListener.java] [1] [INFO] Set thread-count=1
[2022-01-03 07:20:29] [CarinaListener.java] [1] [INFO] Set data-provider-thread-count=1
[2022-01-03 07:20:29] [CarinaListener.java] [1] [INFO] CARINA_CORE_VERSION: 7.2.13
[2022-01-03 07:20:29] [TestRunRegistrar.java] [1] [WARN] Reporting disabled: using no op test run registrar
[2022-01-03 07:20:29] [TestRunRegistrar.java] [1] [WARN] Reporting disabled: using no op test run registrar
[2022-01-03 07:20:29] [IMessager.java] [1] [INFO] TEST [gsm - verifyLoginWithEmptyEmail] STARTED at [19:20:29 2022-01-03]
[2022-01-03 07:20:41] [DriverListener.java] [1] [INFO] PASS: element 'loginButton' is clicked.
[2022-01-03 07:20:42] [DriverListener.java] [1] [INFO] PASS: keys cleared in element 'inputPasswordLogin'.
[2022-01-03 07:20:43] [DriverListener.java] [1] [INFO] PASS: keys 'password' are sent to element 'inputPasswordLogin'.
[2022-01-03 07:20:45] [DriverListener.java] [1] [INFO] PASS: element 'loginButton' is clicked.
[2022-01-03 07:20:46] [DriverListener.java] [1] [ERROR] invalid selector: Unable to locate an element with the xpath expression //i[@class='head-icon icon-signout' because of the following error:
SyntaxError: Failed to execute 'evaluate' on 'Document': The string '//i[@class='head-icon icon-signout'' is not a valid XPath expression.
  (Session info: chrome=96.0.4664.110)
For documentation on this error, please visit: https://www.seleniumhq.org/exceptions/invalid_selector_exception.html
Build info: version: '3.141.59', revision: 'e82be7d358', time: '2018-11-14T08:17:03'
System info: host: 'solvds-MacBook-Pro.local', ip: 'fe80:0:0:0:c4e:6ec0:76be:bc70%en0', os.name: 'Mac OS X', os.arch: 'x86_64', os.version: '11.1', java.version: '11.0.13'
Driver info: org.openqa.selenium.remote.RemoteWebDriver
Capabilities {acceptInsecureCerts: true, browserName: chrome, browserVersion: 96.0.4664.110, chrome: {chromedriverVersion: 96.0.4664.45 (76e4c1bb2ab46..., userDataDir: /var/folders/cb/_cgn98l156b...}, goog:chromeOptions: {debuggerAddress: localhost:52879}, javascriptEnabled: true, networkConnectionEnabled: false, pageLoadStrategy: normal, platform: MAC, platformName: MAC, proxy: Proxy(), setWindowRect: true, strictFileInteractability: false, timeouts: {implicit: 0, pageLoad: 300000, script: 30000}, unhandledPromptBehavior: dismiss and notify, webauthn:extension:credBlob: true, webauthn:extension:largeBlob: true, webauthn:virtualAuthenticators: true}
Session ID: 6988276e65c59471b993ef9d5e486e19
*** Element info: {Using=xpath, value=//i[@class='head-icon icon-signout'}
[2022-01-03 07:20:52] [Screenshot.java] [1] [ERROR] Unable to capture full screenshot during 6sec!
[2022-01-03 07:20:52] [DriverListener.java] [1] [ERROR] invalid selector: Unable to locate an element with the xpath expression //i[@class='head-icon icon-signout' because of the following error:
SyntaxError: Failed to execute 'evaluate' on 'Document': The string '//i[@class='head-icon icon-signout'' is not a valid XPath expression.
  (Session info: chrome=96.0.4664.110)
For documentation on this error, please visit: https://www.seleniumhq.org/exceptions/invalid_selector_exception.html
Build info: version: '3.141.59', revision: 'e82be7d358', time: '2018-11-14T08:17:03'
System info: host: 'solvds-MacBook-Pro.local', ip: 'fe80:0:0:0:c4e:6ec0:76be:bc70%en0', os.name: 'Mac OS X', os.arch: 'x86_64', os.version: '11.1', java.version: '11.0.13'
Driver info: org.openqa.selenium.remote.RemoteWebDriver
Capabilities {acceptInsecureCerts: true, browserName: chrome, browserVersion: 96.0.4664.110, chrome: {chromedriverVersion: 96.0.4664.45 (76e4c1bb2ab46..., userDataDir: /var/folders/cb/_cgn98l156b...}, goog:chromeOptions: {debuggerAddress: localhost:52879}, javascriptEnabled: true, networkConnectionEnabled: false, pageLoadStrategy: normal, platform: MAC, platformName: MAC, proxy: Proxy(), setWindowRect: true, strictFileInteractability: false, timeouts: {implicit: 0, pageLoad: 300000, script: 30000}, unhandledPromptBehavior: dismiss and notify, webauthn:extension:credBlob: true, webauthn:extension:largeBlob: true, webauthn:virtualAuthenticators: true}
Session ID: 6988276e65c59471b993ef9d5e486e19
*** Element info: {Using=xpath, value=//i[@class='head-icon icon-signout'}
[2022-01-03 07:20:58] [Screenshot.java] [1] [ERROR] Unable to capture full screenshot during 6sec!
[2022-01-03 07:21:09] [IMessager.java] [1] [INFO] TEST [gsm - verifyLoginWithEmptyEmail] PASSED at [19:21:09 2022-01-03]
