[2022-01-05 01:55:09] [TestRunRegistrar.java] [16] [WARN] Reporting disabled: using no op test run registrar
[2022-01-05 01:55:09] [IMessager.java] [16] [INFO] TEST [gsm [row=] - verifyWelcomeMessageSignUp [L0003]] STARTED at [13:55:09 2022-01-05]
[2022-01-05 01:55:24] [DriverListener.java] [16] [INFO] PASS: element 'signUpButton' is clicked.
[2022-01-05 01:55:25] [DriverListener.java] [16] [INFO] PASS: keys cleared in element 'inputNickName'.
[2022-01-05 01:55:25] [DriverListener.java] [16] [INFO] PASS: keys '' are sent to element 'inputNickName'.
[2022-01-05 01:55:26] [DriverListener.java] [16] [INFO] PASS: keys cleared in element 'inputEmail'.
[2022-01-05 01:55:26] [DriverListener.java] [16] [INFO] PASS: keys '' are sent to element 'inputEmail'.
[2022-01-05 01:55:27] [DriverListener.java] [16] [INFO] PASS: keys cleared in element 'inputPassword'.
[2022-01-05 01:55:27] [DriverListener.java] [16] [INFO] PASS: keys '' are sent to element 'inputPassword'.
[2022-01-05 01:55:28] [DriverListener.java] [16] [INFO] PASS: element 'iAgreeButton1' is clicked.
[2022-01-05 01:55:28] [DriverListener.java] [16] [INFO] PASS: element 'iAgreeButton2' is clicked.
[2022-01-05 01:55:29] [DriverListener.java] [16] [INFO] PASS: element 'submitButton' is clicked.
[2022-01-05 01:55:49] [ExtendedWebElement.java] [16] [ERROR] FAIL: get_text - waitCondition for element 'accountCreatedMessage (By.xpath: //h3[text()='Your account was created. '])' not satisfied!
[2022-01-05 01:55:51] [IMessager.java] [16] [ERROR] TEST [gsm [row=] - verifyWelcomeMessageSignUp [L0003]] FAILED at [13:55:51 2022-01-05] - Unable to detect element: accountCreatedMessage (By.xpath: //h3[text()='Your account was created. '])

com.qaprosoft.carina.core.foundation.webdriver.decorator.ExtendedWebElement.doAction(ExtendedWebElement.java:1416)
com.qaprosoft.carina.core.foundation.webdriver.decorator.ExtendedWebElement.doAction(ExtendedWebElement.java:1363)
com.qaprosoft.carina.core.foundation.webdriver.decorator.ExtendedWebElement.getText(ExtendedWebElement.java:462)
com.solvd.gsm.SignUpPage.getAccountCreatedMessage(SignUpPage.java:70)
com.solvd.gsm.tests.GsmTests.verifyWelcomeMessageSignUp(GsmTests.java:28)
java.base/jdk.internal.reflect.NativeMethodAccessorImpl.invoke0(Native Method)
java.base/jdk.internal.reflect.NativeMethodAccessorImpl.invoke(NativeMethodAccessorImpl.java:62)
java.base/jdk.internal.reflect.DelegatingMethodAccessorImpl.invoke(DelegatingMethodAccessorImpl.java:43)
java.base/java.lang.reflect.Method.invoke(Method.java:566)
org.testng.internal.MethodInvocationHelper.invokeMethod(MethodInvocationHelper.java:133)
org.testng.internal.TestInvoker.invokeMethod(TestInvoker.java:598)
org.testng.internal.TestInvoker.invokeTestMethod(TestInvoker.java:173)
org.testng.internal.TestMethodWithDataProviderMethodWorker.call(TestMethodWithDataProviderMethodWorker.java:77)
org.testng.internal.TestMethodWithDataProviderMethodWorker.call(TestMethodWithDataProviderMethodWorker.java:15)
java.base/java.util.concurrent.FutureTask.run(FutureTask.java:264)
java.base/java.util.concurrent.Executors$RunnableAdapter.call(Executors.java:515)
java.base/java.util.concurrent.FutureTask.run(FutureTask.java:264)
java.base/java.util.concurrent.ThreadPoolExecutor.runWorker(ThreadPoolExecutor.java:1128)
java.base/java.util.concurrent.ThreadPoolExecutor$Worker.run(ThreadPoolExecutor.java:628)
java.base/java.lang.Thread.run(Thread.java:834)
